<?xml version="1.0" encoding="UTF-8"?>
<!-- Generated by org.testng.reporters.JUnitReportReporter -->
<testsuite hostname="MSI" failures="0" tests="7" name="HomePage.HomePageTestCases" time="0.676" errors="0" timestamp="2024-03-20T22:08:48 AST" skipped="6">
  <testcase classname="HomePage.HomePageTestCases" name="ChangeLanguageRandomly" time="0.676"/>
  <testcase classname="HomePage.HomePageTestCases" name="CheckTheContactNumber">
    <skipped/>
  </testcase> <!-- CheckTheContactNumber -->
  <testcase classname="HomePage.HomePageTestCases" name="CheckHotelTab">
    <skipped/>
  </testcase> <!-- CheckHotelTab -->
  <testcase classname="HomePage.HomePageTestCases" name="CheckTheDefaultCurrency">
    <skipped/>
  </testcase> <!-- CheckTheDefaultCurrency -->
  <testcase classname="HomePage.HomePageTestCases" name="CheckQitafLogo">
    <skipped/>
  </testcase> <!-- CheckQitafLogo -->
  <testcase classname="HomePage.HomePageTestCases" name="CheckTheDefaultLanguage">
    <skipped/>
  </testcase> <!-- CheckTheDefaultLanguage -->
  <testcase classname="HomePage.HomePageTestCases" name="CheckDepartureDate">
    <skipped/>
  </testcase> <!-- CheckDepartureDate -->
</testsuite> <!-- HomePage.HomePageTestCases -->
