<?xml version="1.0" encoding="UTF-8"?>
<!-- Generated by org.testng.reporters.JUnitReportReporter -->
<testsuite hostname="MSI" failures="0" tests="6" name="HomePage.HomePageTestCases" time="0.202" errors="0" timestamp="2024-03-20T03:25:33 AST" skipped="0">
  <testcase classname="HomePage.HomePageTestCases" name="CheckHotelTab" time="0.033"/>
  <testcase classname="HomePage.HomePageTestCases" name="CheckQitafLogo" time="0.032"/>
  <testcase classname="HomePage.HomePageTestCases" name="CheckTheDefaultLanguage" time="0.020"/>
  <testcase classname="HomePage.HomePageTestCases" name="CheckDepartureDate" time="0.074"/>
  <testcase classname="HomePage.HomePageTestCases" name="CheckTheDefaultCurrency" time="0.020"/>
  <testcase classname="HomePage.HomePageTestCases" name="CheckTheContactNumber" time="0.023"/>
</testsuite> <!-- HomePage.HomePageTestCases -->
