<?xml version="1.0" encoding="UTF-8"?>
<!-- Generated by org.testng.reporters.JUnitReportReporter -->
<testsuite hostname="MSI" failures="0" tests="2" name="HotelTest.BookingHotelTestCases" time="4.580" errors="0" timestamp="2024-03-21T02:30:41 AST" skipped="0">
  <testcase classname="HotelTest.BookingHotelTestCases" name="SelectCityRandomly" time="0.583"/>
  <testcase classname="HotelTest.BookingHotelTestCases" name="SelectNumberOfVisitorsRandomly" time="3.997"/>
</testsuite> <!-- HotelTest.BookingHotelTestCases -->
