<?xml version="1.0" encoding="UTF-8"?>
<!-- Generated by org.testng.reporters.JUnitReportReporter -->
<testsuite hostname="MSI" failures="0" tests="4" name="HotelTest.BookingHotelTestCases" time="16.535" errors="0" timestamp="2024-03-21T04:08:11 AST" skipped="0">
  <testcase classname="HotelTest.BookingHotelTestCases" name="SelectCityRandomly" time="0.519"/>
  <testcase classname="HotelTest.BookingHotelTestCases" name="SelectNumberOfVisitorsRandomly" time="3.823"/>
  <testcase classname="HotelTest.BookingHotelTestCases" name="PageFullyCompleted" time="11.230"/>
  <testcase classname="HotelTest.BookingHotelTestCases" name="SortPricesFromLowToHigh" time="0.963"/>
</testsuite> <!-- HotelTest.BookingHotelTestCases -->
